Copyright 1986-2022 Xilinx, Inc. All Rights Reserved.
------------------------------------------------------------------------------------
| Tool Version : Vivado v.2022.1 (win64) Build 3526262 Mon Apr 18 15:48:16 MDT 2022
| Date         : Sat Nov 23 16:55:19 2024
| Host         : L4818-08 running 64-bit major release  (build 9200)
| Command      : upgrade_ip
| Device       : xc7z020clg400-1
------------------------------------------------------------------------------------

Upgrade Log for IP 'design_1_maxCut_0_0'

1. Summary
----------

SUCCESS in the conversion of design_1_maxCut_0_0 (xilinx.com:hls:maxCut:0.0) to Vivado generation flows.






Copyright 1986-2022 Xilinx, Inc. All Rights Reserved.
------------------------------------------------------------------------------------
| Tool Version : Vivado v.2022.1 (win64) Build 3526262 Mon Apr 18 15:48:16 MDT 2022
| Date         : Sat Nov 23 16:39:48 2024
| Host         : L4818-08 running 64-bit major release  (build 9200)
| Command      : upgrade_ip
| Device       : xc7z020clg400-1
------------------------------------------------------------------------------------

Upgrade Log for IP 'design_1_maxCut_0_0'

1. Summary
----------

SUCCESS in the conversion of design_1_maxCut_0_0 (xilinx.com:hls:maxCut:0.0) to Vivado generation flows.






Copyright 1986-2022 Xilinx, Inc. All Rights Reserved.
------------------------------------------------------------------------------------
| Tool Version : Vivado v.2022.1 (win64) Build 3526262 Mon Apr 18 15:48:16 MDT 2022
| Date         : Sat Nov 23 16:04:20 2024
| Host         : L4818-08 running 64-bit major release  (build 9200)
| Command      : upgrade_ip
| Device       : xc7z020clg400-1
------------------------------------------------------------------------------------

Upgrade Log for IP 'design_1_maxCut_0_0'

1. Summary
----------

SUCCESS in the conversion of design_1_maxCut_0_0 (xilinx.com:hls:maxCut:0.0) to Vivado generation flows.






Copyright 1986-2022 Xilinx, Inc. All Rights Reserved.
------------------------------------------------------------------------------------
| Tool Version : Vivado v.2022.1 (win64) Build 3526262 Mon Apr 18 15:48:16 MDT 2022
| Date         : Sat Nov 23 11:46:11 2024
| Host         : L4818-08 running 64-bit major release  (build 9200)
| Command      : upgrade_ip
| Device       : xc7z020clg400-1
------------------------------------------------------------------------------------

Upgrade Log for IP 'design_1_maxCut_0_0'

1. Summary
----------

SUCCESS in the conversion of design_1_maxCut_0_0 (xilinx.com:hls:maxCut:0.0) to Vivado generation flows.






Copyright 1986-2022 Xilinx, Inc. All Rights Reserved.
------------------------------------------------------------------------------------
| Tool Version : Vivado v.2022.1 (win64) Build 3526262 Mon Apr 18 15:48:16 MDT 2022
| Date         : Thu Nov 21 21:32:43 2024
| Host         : L4818-08 running 64-bit major release  (build 9200)
| Command      : upgrade_ip
| Device       : xc7z020clg400-1
------------------------------------------------------------------------------------

Upgrade Log for IP 'design_1_maxCut_0_0'

1. Summary
----------

SUCCESS in the conversion of design_1_maxCut_0_0 (xilinx.com:hls:maxCut:0.0) to Vivado generation flows.

